apr-1.3.9-5.el6_2.x86_64.rpm
apr-util-1.3.9-3.el6_0.1.x86_64.rpm
apr-util-ldap-1.3.9-3.el6_0.1.x86_64.rpm
boost-system-1.41.0-18.el6.x86_64.rpm
boost-thread-1.41.0-18.el6.x86_64.rpm
btrfs-progs-0.20-0.2.git91d9eec.el6.x86_64.rpm
ceph-0.80.6-0.el6.x86_64.rpm
ceph-common-0.80.6-0.el6.x86_64.rpm
Django14-1.4.5-1.el6.noarch.rpm
erlang-appmon-R14B-04.2.el6.x86_64.rpm
erlang-asn1-R14B-04.2.el6.x86_64.rpm
erlang-common_test-R14B-04.2.el6.x86_64.rpm
erlang-compiler-R14B-04.2.el6.x86_64.rpm
erlang-cosEventDomain-R14B-04.2.el6.x86_64.rpm
erlang-cosEvent-R14B-04.2.el6.x86_64.rpm
erlang-cosFileTransfer-R14B-04.2.el6.x86_64.rpm
erlang-cosNotification-R14B-04.2.el6.x86_64.rpm
erlang-cosProperty-R14B-04.2.el6.x86_64.rpm
erlang-cosTime-R14B-04.2.el6.x86_64.rpm
erlang-cosTransactions-R14B-04.2.el6.x86_64.rpm
erlang-crypto-R14B-04.2.el6.x86_64.rpm
erlang-debugger-R14B-04.2.el6.x86_64.rpm
erlang-dialyzer-R14B-04.2.el6.x86_64.rpm
erlang-diameter-R14B-04.2.el6.x86_64.rpm
erlang-docbuilder-R14B-04.2.el6.x86_64.rpm
erlang-edoc-R14B-04.2.el6.x86_64.rpm
erlang-erl_docgen-R14B-04.2.el6.x86_64.rpm
erlang-erl_interface-R14B-04.2.el6.x86_64.rpm
erlang-erts-R14B-04.2.el6.x86_64.rpm
erlang-et-R14B-04.2.el6.x86_64.rpm
erlang-eunit-R14B-04.2.el6.x86_64.rpm
erlang-examples-R14B-04.2.el6.x86_64.rpm
erlang-gs-R14B-04.2.el6.x86_64.rpm
erlang-hipe-R14B-04.2.el6.x86_64.rpm
erlang-ic-R14B-04.2.el6.x86_64.rpm
erlang-inets-R14B-04.2.el6.x86_64.rpm
erlang-inviso-R14B-04.2.el6.x86_64.rpm
erlang-jinterface-R14B-04.2.el6.x86_64.rpm
erlang-kernel-R14B-04.2.el6.x86_64.rpm
erlang-megaco-R14B-04.2.el6.x86_64.rpm
erlang-mnesia-R14B-04.2.el6.x86_64.rpm
erlang-observer-R14B-04.2.el6.x86_64.rpm
erlang-odbc-R14B-04.2.el6.x86_64.rpm
erlang-orber-R14B-04.2.el6.x86_64.rpm
erlang-os_mon-R14B-04.2.el6.x86_64.rpm
erlang-otp_mibs-R14B-04.2.el6.x86_64.rpm
erlang-parsetools-R14B-04.2.el6.x86_64.rpm
erlang-percept-R14B-04.2.el6.x86_64.rpm
erlang-pman-R14B-04.2.el6.x86_64.rpm
erlang-public_key-R14B-04.2.el6.x86_64.rpm
erlang-R14B-04.2.el6.x86_64.rpm
erlang-reltool-R14B-04.2.el6.x86_64.rpm
erlang-runtime_tools-R14B-04.2.el6.x86_64.rpm
erlang-sasl-R14B-04.2.el6.x86_64.rpm
erlang-snmp-R14B-04.2.el6.x86_64.rpm
erlang-ssh-R14B-04.2.el6.x86_64.rpm
erlang-ssl-R14B-04.2.el6.x86_64.rpm
erlang-stdlib-R14B-04.2.el6.x86_64.rpm
erlang-syntax_tools-R14B-04.2.el6.x86_64.rpm
erlang-test_server-R14B-04.2.el6.x86_64.rpm
erlang-toolbar-R14B-04.2.el6.x86_64.rpm
erlang-tools-R14B-04.2.el6.x86_64.rpm
erlang-tv-R14B-04.2.el6.x86_64.rpm
erlang-typer-R14B-04.2.el6.x86_64.rpm
erlang-webtool-R14B-04.2.el6.x86_64.rpm
erlang-wx-R14B-04.2.el6.x86_64.rpm
erlang-xmerl-R14B-04.2.el6.x86_64.rpm
expect-5.44.1.15-5.el6_4.x86_64.rpm
fuse-libs-2.8.3-4.el6.x86_64.rpm
gdisk-0.8.4-1.el6.x86_64.rpm
gperftools-libs-2.0-11.el6.3.x86_64.rpm
httpd-2.2.15-31.el6.centos.x86_64.rpm
httpd-tools-2.2.15-31.el6.centos.x86_64.rpm
leveldb-1.7.0-2.el6.x86_64.rpm
libcephfs1-0.80.6-0.el6.x86_64.rpm
libicu-4.2.1-9.1.el6_2.x86_64.rpm
librados2-0.80.6-0.el6.x86_64.rpm
librbd1-0.80.6-0.el6.x86_64.rpm
libtool-ltdl-2.2.6-15.5.el6.x86_64.rpm
libunwind-1.1-2.el6.x86_64.rpm
MariaDB-client-5.5.36-1.el6.x86_64.rpm
MariaDB-common-5.5.36-1.el6.x86_64.rpm
MariaDB-compat-5.5.36-1.el6.x86_64.rpm
MariaDB-devel-5.5.36-1.el6.x86_64.rpm
MariaDB-server-5.5.36-1.el6.x86_64.rpm
memcached-1.4.4-3.el6.x86_64.rpm
mod_ssl-2.2.15-31.el6.centos.x86_64.rpm
mod_wsgi-3.2-6.el6_5.x86_64.rpm
MySQL-python-1.2.3-0.3.c1.1.el6.x86_64.rpm
openssl-1.0.1e-16.el6_5.15.x86_64.rpm
openstack-keystone-2013.1.3-1.el6.noarch.rpm
openstack-utils-2013.1-8.el6.noarch.rpm
PyPAM-0.5.0-12.el6.x86_64.rpm
pyparsing-1.5.6-1.el6.noarch.rpm
python-amqplib-0.6.1-2.el6.noarch.rpm
python-anyjson-0.3.1-1.el6.noarch.rpm
python-argparse-1.2.1-2.el6.noarch.rpm
python-babel-0.9.4-5.1.el6.noarch.rpm
python-backports-1.0-3.el6.x86_64.rpm
python-backports-ssl_match_hostname-3.4.0.2-1.el6.noarch.rpm
python-ceph-0.80.6-0.el6.x86_64.rpm
python-chardet-2.0.1-1.el6.noarch.rpm
python-cinderclient-1.0.4-1.el6.noarch.rpm
python-cliff-1.3-1.el6.noarch.rpm
python-cmd2-0.6.4-7.el6.noarch.rpm
python-decorator-3.0.1-3.1.el6.noarch.rpm
python-django-appconf-0.5-3.el6.noarch.rpm
python-django-compressor-1.2-4.el6.noarch.rpm
python-django-horizon-2013.1.1-1.el6.noarch.rpm
python-django-openstack-auth-1.0.7-1.el6.noarch.rpm
python-docutils-0.6-1.el6.noarch.rpm
python-eventlet-0.9.17-2.el6.noarch.rpm
python-flask-0.9-5.el6.noarch.rpm
python-glanceclient-0.9.0-2.el6.noarch.rpm
python-greenlet-0.3.1-12.el6.x86_64.rpm
python-httplib2-0.7.7-1.el6.noarch.rpm
python-imaging-1.1.6-19.el6.x86_64.rpm
python-importlib-1.0.2-1.el6.noarch.rpm
python-iso8601-0.1.4-2.el6.noarch.rpm
python-jinja2-2.2.1-2.el6_5.x86_64.rpm
python-jinja2-26-2.6-2.el6.noarch.rpm
python-jsonschema-0.2-1.el6.noarch.rpm
python-keyring-0.7-1.el6.noarch.rpm
python-keystone-2013.1.3-1.el6.noarch.rpm
python-keystoneclient-0.2.3-7.el6.noarch.rpm
python-kombu-1.1.3-1.el6.noarch.rpm
python-lockfile-0.8-3.el6.noarch.rpm
python-markupsafe-0.9.2-4.el6.x86_64.rpm
python-memcached-1.43-6.el6.noarch.rpm
python-migrate-0.7.2-8.el6.noarch.rpm
python-novaclient-2.13.0-1.el6.noarch.rpm
python-ordereddict-1.1-2.el6.noarch.rpm
python-oslo-config-1.1.0-1.el6.noarch.rpm
python-passlib-1.5.3-1.el6.noarch.rpm
python-paste-1.7.4-2.el6.noarch.rpm
python-paste-deploy1.5-1.5.0-5.el6.noarch.rpm
python-pbr-0.5.11-2.el6.noarch.rpm
python-prettytable-0.6.1-1.el6.noarch.rpm
python-psutil-0.6.1-1.el6.x86_64.rpm
python-pygments-1.1.1-1.el6.noarch.rpm
python-quantumclient-2.2.1-2.el6.noarch.rpm
python-requests-1.1.0-4.el6.noarch.rpm
python-routes1.12-1.12.3-4.el6.noarch.rpm
python-setuptools-git-1.0b1-15.4.x86_64.rpm
python-simplejson-2.0.9-3.1.el6.x86_64.rpm
python-six-1.4.1-1.el6.noarch.rpm
python-sphinx-0.6.6-2.el6.noarch.rpm
python-sqlalchemy0.7-0.7.8-1.el6.x86_64.rpm
python-stevedore-0.8-1.el6.noarch.rpm
python-suds-0.4.1-3.el6.noarch.rpm
python-swiftclient-1.4.0-1.el6.noarch.rpm
python-tempita-0.4-2.el6.noarch.rpm
python-urllib3-1.5-7.el6.noarch.rpm
python-versiontools-1.9.1-3.el6.noarch.rpm
python-warlock-0.4.0-2.el6.noarch.rpm
python-webob-1.2.3-4.el6.noarch.rpm
python-werkzeug-0.8.3-2.el6.noarch.rpm
rabbitmq-server-2.6.1-1.el6.noarch.rpm
rbd-fuse-0.80.6-0.el6.x86_64.rpm
tcl-8.5.7-6.el6.x86_64.rpm
tk-8.5.7-5.el6.x86_64.rpm
unixODBC-2.2.14-12.el6_3.x86_64.rpm
wxBase-2.8.12-1.el6.centos.x86_64.rpm
wxGTK-2.8.12-1.el6.centos.x86_64.rpm
wxGTK-gl-2.8.12-1.el6.centos.x86_64.rpm
xfsprogs-3.1.1-14.el6.x86_64.rpm
